<?xml version="1.0" encoding="UTF-8"?>
<!-- Generated by org.testng.reporters.JUnitReportReporter -->
<testsuite hostname="Ritu-Laptop" failures="0" tests="1" name="com.sel.prac.TestRun" time="5.487" errors="0" timestamp="2021-06-14T11:18:59 CDT" skipped="0">
  <testcase classname="com.sel.prac.TestRun" name="set" time="5.487"/>
  <system-out/>
</testsuite> <!-- com.sel.prac.TestRun -->
